<?xml version="1.0" encoding="UTF-8"?>
<!-- Generated by org.testng.reporters.JUnitReportReporter -->
<testsuite hostname="DESKTOP-1E9PTFA" failures="0" tests="3" name="NewAdmissionTestCasesExecution.NewAdmissionTestCaseExecutionn" time="33.555" errors="0" timestamp="2025-02-12T16:02:50 IST" skipped="0">
  <testcase classname="NewAdmissionTestCasesExecution.NewAdmissionTestCaseExecutionn" name="AdmissionMethods" time="13.048"/>
  <system-out/>
  <testcase classname="NewAdmissionTestCasesExecution.NewAdmissionTestCaseExecutionn" name="LogIn" time="6.479"/>
  <system-out/>
  <testcase classname="NewAdmissionTestCasesExecution.NewAdmissionTestCaseExecutionn" name="AdmissionMethods" time="14.028"/>
  <system-out/>
</testsuite> <!-- NewAdmissionTestCasesExecution.NewAdmissionTestCaseExecutionn -->
