<?xml version="1.0" encoding="UTF-8"?>
<!-- Generated by org.testng.reporters.JUnitReportReporter -->
<testsuite hostname="DESKTOP-1E9PTFA" failures="0" tests="1" name="TestCases.PatientRegisterationExecution" time="2.526" errors="0" timestamp="2025-02-03T22:49:33 IST" skipped="0">
  <testcase classname="TestCases.PatientRegisterationExecution" name="UserLogIn" time="2.526"/>
  <system-out/>
</testsuite> <!-- TestCases.PatientRegisterationExecution -->
