<?xml version="1.0" encoding="UTF-8"?>
<!-- Generated by org.testng.reporters.JUnitReportReporter -->
<testsuite hostname="DESKTOP-1E9PTFA" failures="0" tests="2" name="TestCases.PatientRegistrationForm" time="10.772" errors="0" timestamp="2025-02-03T23:01:03 IST" skipped="0">
  <testcase classname="TestCases.PatientRegistrationForm" name="Registration" time="5.377"/>
  <system-out/>
  <testcase classname="TestCases.PatientRegistrationForm" name="UserLogIn" time="5.395"/>
  <system-out/>
</testsuite> <!-- TestCases.PatientRegistrationForm -->
