<?xml version="1.0" encoding="UTF-8"?>
<!-- Generated by org.testng.reporters.JUnitReportReporter -->
<testsuite hostname="DESKTOP-1E9PTFA" failures="0" tests="1" name="TestCases.LogInTestCase" time="3.873" errors="0" timestamp="2025-02-14T16:51:33 IST" skipped="0">
  <testcase classname="TestCases.LogInTestCase" name="UserLogIn" time="3.873"/>
  <system-out/>
</testsuite> <!-- TestCases.LogInTestCase -->
