<?xml version="1.0" encoding="UTF-8"?>
<!-- Generated by org.testng.reporters.JUnitReportReporter -->
<testsuite hostname="DESKTOP-1E9PTFA" failures="0" tests="1" name="NewAdmissionTestCasesExecution.LogIn" time="2.875" errors="0" timestamp="2025-02-08T15:22:41 IST" skipped="0">
  <testcase classname="NewAdmissionTestCasesExecution.LogIn" name="UserLogIn" time="2.875"/>
  <system-out/>
</testsuite> <!-- NewAdmissionTestCasesExecution.LogIn -->
