<?xml version="1.0" encoding="UTF-8"?>
<!-- Generated by org.testng.reporters.JUnitReportReporter -->
<testsuite hostname="DESKTOP-1E9PTFA" failures="0" tests="4" name="TestCases.SearchRegistrationPatientdetailsTestcase" time="26.802" errors="0" timestamp="2025-02-14T17:00:25 IST" skipped="0">
  <testcase classname="TestCases.SearchRegistrationPatientdetailsTestcase" name="SearchPatientDetails" time="6.895"/>
  <system-out/>
  <testcase classname="TestCases.SearchRegistrationPatientdetailsTestcase" name="SearchPatientDetails" time="7.868"/>
  <system-out/>
  <testcase classname="TestCases.SearchRegistrationPatientdetailsTestcase" name="SearchPatientDetails" time="8.016"/>
  <system-out/>
  <testcase classname="TestCases.SearchRegistrationPatientdetailsTestcase" name="UserLogIn" time="4.023"/>
  <system-out/>
</testsuite> <!-- TestCases.SearchRegistrationPatientdetailsTestcase -->
