<?xml version="1.0" encoding="UTF-8"?>
<!-- Generated by org.testng.reporters.JUnitReportReporter -->
<testsuite hostname="DESKTOP-1E9PTFA" failures="0" tests="1" name="DeleteAdmissionofpatient.CancelAdmission" time="17.475" errors="0" timestamp="2025-02-14T17:23:30 IST" skipped="0">
  <testcase classname="DeleteAdmissionofpatient.CancelAdmission" name="Execution" time="17.475"/>
  <system-out/>
</testsuite> <!-- DeleteAdmissionofpatient.CancelAdmission -->
