<?xml version="1.0" encoding="UTF-8"?>
<!-- Generated by org.testng.reporters.JUnitReportReporter -->
<testsuite hostname="DESKTOP-1E9PTFA" failures="0" tests="4" name="TestCases.PatientRegistrationTestCase" time="48.270" errors="0" timestamp="2025-02-14T16:55:27 IST" skipped="0">
  <testcase classname="TestCases.PatientRegistrationTestCase" name="Registration" time="11.499"/>
  <system-out/>
  <testcase classname="TestCases.PatientRegistrationTestCase" name="Registration" time="10.338"/>
  <system-out/>
  <testcase classname="TestCases.PatientRegistrationTestCase" name="UserLogIn" time="13.771"/>
  <system-out/>
  <testcase classname="TestCases.PatientRegistrationTestCase" name="Registration" time="12.662"/>
  <system-out/>
</testsuite> <!-- TestCases.PatientRegistrationTestCase -->
