<?xml version="1.0" encoding="UTF-8"?>
<!-- Generated by org.testng.reporters.JUnitReportReporter -->
<testsuite hostname="DESKTOP-1E9PTFA" failures="0" tests="1" name="TestCasesExecution.LogIn" time="3.632" errors="0" timestamp="2025-02-14T15:03:40 IST" skipped="0">
  <testcase classname="TestCasesExecution.LogIn" name="LogIn" time="3.632"/>
  <system-out/>
</testsuite> <!-- TestCasesExecution.LogIn -->
