<?xml version="1.0" encoding="UTF-8"?>
<!-- Generated by org.testng.reporters.JUnitReportReporter -->
<testsuite hostname="DESKTOP-1E9PTFA" failures="0" tests="3" name="TestCasesExecution.NewAdmissionTestCaseExecutionn" time="41.562" errors="0" timestamp="2025-02-14T17:03:32 IST" skipped="0">
  <testcase classname="TestCasesExecution.NewAdmissionTestCaseExecutionn" name="LogIn" time="13.086"/>
  <system-out/>
  <testcase classname="TestCasesExecution.NewAdmissionTestCaseExecutionn" name="AdmissionMethods" time="14.335"/>
  <system-out/>
  <testcase classname="TestCasesExecution.NewAdmissionTestCaseExecutionn" name="AdmissionMethods" time="14.141"/>
  <system-out/>
</testsuite> <!-- TestCasesExecution.NewAdmissionTestCaseExecutionn -->
