<?xml version="1.0" encoding="UTF-8"?>
<!-- Generated by org.testng.reporters.JUnitReportReporter -->
<testsuite hostname="DESKTOP-1E9PTFA" failures="0" tests="1" name="PageObjects1.EditPatientDetails" time="23.771" errors="0" timestamp="2025-02-06T22:55:20 IST" skipped="0">
  <testcase classname="PageObjects1.EditPatientDetails" name="setup" time="23.771"/>
  <system-out/>
</testsuite> <!-- PageObjects1.EditPatientDetails -->
